# JRE version: Java(TM) SE Runtime Environment (8.0_121-b13) (build 1.8.0_121-b13)
# Java VM: Java HotSpot(TM) Client VM (25.121-b13 mixed mode windows-x86 )
Heap:
 def new generation   total 23744K, used 13851K [0x03c00000, 0x055c0000, 0x09150000)
  eden space 21120K,  53% used [0x03c00000, 0x046f6c10, 0x050a0000)
  from space 2624K, 100% used [0x05330000, 0x055c0000, 0x055c0000)
  to   space 2624K,   0% used [0x050a0000, 0x050a0000, 0x05330000)
 tenured generation   total 52508K, used 48147K [0x09150000, 0x0c497000, 0x13c00000)
   the space 52508K,  91% used [0x09150000, 0x0c054d90, 0x0c054e00, 0x0c497000)
 Metaspace       used 38183K, capacity 39409K, committed 39424K, reserved 40320K
GC Heap History (10 events):
Event: 57.264 GC heap before
{Heap before GC invocations=105 (full 5):
 def new generation   total 23744K, used 23626K [0x03c00000, 0x055c0000, 0x09150000)
  eden space 21120K, 100% used [0x03c00000, 0x050a0000, 0x050a0000)
  from space 2624K,  95% used [0x050a0000, 0x053128d0, 0x05330000)
  to   space 2624K,   0% used [0x05330000, 0x05330000, 0x055c0000)
 tenured generation   total 52508K, used 39508K [0x09150000, 0x0c497000, 0x13c00000)
   the space 52508K,  75% used [0x09150000, 0x0b7e5228, 0x0b7e5400, 0x0c497000)
 Metaspace       used 35392K, capacity 36494K, committed 36608K, reserved 37248K
Event: 57.294 GC heap after
Heap after GC invocations=106 (full 5):
 def new generation   total 23744K, used 2341K [0x03c00000, 0x055c0000, 0x09150000)
  eden space 21120K,   0% used [0x03c00000, 0x03c00000, 0x050a0000)
  from space 2624K,  89% used [0x05330000, 0x055795c8, 0x055c0000)
  to   space 2624K,   0% used [0x050a0000, 0x050a0000, 0x05330000)
 tenured generation   total 52508K, used 41699K [0x09150000, 0x0c497000, 0x13c00000)
   the space 52508K,  79% used [0x09150000, 0x0ba08d68, 0x0ba08e00, 0x0c497000)
 Metaspace       used 35392K, capacity 36494K, committed 36608K, reserved 37248K
}
Event: 64.975 GC heap before
{Heap before GC invocations=106 (full 5):
 def new generation   total 23744K, used 23461K [0x03c00000, 0x055c0000, 0x09150000)
  eden space 21120K, 100% used [0x03c00000, 0x050a0000, 0x050a0000)
  from space 2624K,  89% used [0x05330000, 0x055795c8, 0x055c0000)
  to   space 2624K,   0% used [0x050a0000, 0x050a0000, 0x05330000)
 tenured generation   total 52508K, used 41699K [0x09150000, 0x0c497000, 0x13c00000)
   the space 52508K,  79% used [0x09150000, 0x0ba08d68, 0x0ba08e00, 0x0c497000)
 Metaspace       used 37040K, capacity 38231K, committed 38272K, reserved 38272K
Event: 64.999 GC heap after
Heap after GC invocations=107 (full 5):
 def new generation   total 23744K, used 2624K [0x03c00000, 0x055c0000, 0x09150000)
  eden space 21120K,   0% used [0x03c00000, 0x03c00000, 0x050a0000)
  from space 2624K, 100% used [0x050a0000, 0x05330000, 0x05330000)
  to   space 2624K,   0% used [0x05330000, 0x05330000, 0x055c0000)
 tenured generation   total 52508K, used 44333K [0x09150000, 0x0c497000, 0x13c00000)
   the space 52508K,  84% used [0x09150000, 0x0bc9b590, 0x0bc9b600, 0x0c497000)
 Metaspace       used 37040K, capacity 38231K, committed 38272K, reserved 38272K
}
Event: 65.255 GC heap before
{Heap before GC invocations=107 (full 5):
 def new generation   total 23744K, used 23744K [0x03c00000, 0x055c0000, 0x09150000)
  eden space 21120K, 100% used [0x03c00000, 0x050a0000, 0x050a0000)
  from space 2624K, 100% used [0x050a0000, 0x05330000, 0x05330000)
  to   space 2624K,   0% used [0x05330000, 0x05330000, 0x055c0000)
 tenured generation   total 52508K, used 44333K [0x09150000, 0x0c497000, 0x13c00000)
   the space 52508K,  84% used [0x09150000, 0x0bc9b590, 0x0bc9b600, 0x0c497000)
 Metaspace       used 37047K, capacity 38236K, committed 38272K, reserved 38272K
Event: 65.268 GC heap after
Heap after GC invocations=108 (full 5):
 def new generation   total 23744K, used 1050K [0x03c00000, 0x055c0000, 0x09150000)
  eden space 21120K,   0% used [0x03c00000, 0x03c00000, 0x050a0000)
  from space 2624K,  40% used [0x05330000, 0x054369b8, 0x055c0000)
  to   space 2624K,   0% used [0x050a0000, 0x050a0000, 0x05330000)
 tenured generation   total 52508K, used 46259K [0x09150000, 0x0c497000, 0x13c00000)
   the space 52508K,  88% used [0x09150000, 0x0be7cdc8, 0x0be7ce00, 0x0c497000)
 Metaspace       used 37047K, capacity 38236K, committed 38272K, reserved 38272K
}
Event: 65.476 GC heap before
{Heap before GC invocations=108 (full 5):
 def new generation   total 23744K, used 22170K [0x03c00000, 0x055c0000, 0x09150000)
  eden space 21120K, 100% used [0x03c00000, 0x050a0000, 0x050a0000)
  from space 2624K,  40% used [0x05330000, 0x054369b8, 0x055c0000)
  to   space 2624K,   0% used [0x050a0000, 0x050a0000, 0x05330000)
 tenured generation   total 52508K, used 46259K [0x09150000, 0x0c497000, 0x13c00000)
   the space 52508K,  88% used [0x09150000, 0x0be7cdc8, 0x0be7ce00, 0x0c497000)
 Metaspace       used 37047K, capacity 38236K, committed 38272K, reserved 38272K
Event: 65.482 GC heap after
Heap after GC invocations=109 (full 5):
 def new generation   total 23744K, used 894K [0x03c00000, 0x055c0000, 0x09150000)
  eden space 21120K,   0% used [0x03c00000, 0x03c00000, 0x050a0000)
  from space 2624K,  34% used [0x050a0000, 0x0517fb08, 0x05330000)
  to   space 2624K,   0% used [0x05330000, 0x05330000, 0x055c0000)
 tenured generation   total 52508K, used 46259K [0x09150000, 0x0c497000, 0x13c00000)
   the space 52508K,  88% used [0x09150000, 0x0be7cdc8, 0x0be7ce00, 0x0c497000)
 Metaspace       used 37047K, capacity 38236K, committed 38272K, reserved 38272K
}
Event: 66.501 GC heap before
{Heap before GC invocations=109 (full 5):
 def new generation   total 23744K, used 22014K [0x03c00000, 0x055c0000, 0x09150000)
  eden space 21120K, 100% used [0x03c00000, 0x050a0000, 0x050a0000)
  from space 2624K,  34% used [0x050a0000, 0x0517fb08, 0x05330000)
  to   space 2624K,   0% used [0x05330000, 0x05330000, 0x055c0000)
 tenured generation   total 52508K, used 46259K [0x09150000, 0x0c497000, 0x13c00000)
   the space 52508K,  88% used [0x09150000, 0x0be7cdc8, 0x0be7ce00, 0x0c497000)
 Metaspace       used 37331K, capacity 38537K, committed 38656K, reserved 39296K
Event: 66.530 GC heap after
Heap after GC invocations=110 (full 5):
 def new generation   total 23744K, used 2624K [0x03c00000, 0x055c0000, 0x09150000)
  eden space 21120K,   0% used [0x03c00000, 0x03c00000, 0x050a0000)
  from space 2624K, 100% used [0x05330000, 0x055c0000, 0x055c0000)
  to   space 2624K,   0% used [0x050a0000, 0x050a0000, 0x05330000)
 tenured generation   total 52508K, used 48147K [0x09150000, 0x0c497000, 0x13c00000)
   the space 52508K,  91% used [0x09150000, 0x0c054d90, 0x0c054e00, 0x0c497000)
 Metaspace       used 37331K, capacity 38537K, committed 38656K, reserved 39296K
}

