# JRE version: Java(TM) SE Runtime Environment (8.0_121-b13) (build 1.8.0_121-b13)
# Java VM: Java HotSpot(TM) Client VM (25.121-b13 mixed mode windows-x86 )
Heap:
 def new generation   total 24704K, used 11671K [0x03c00000, 0x056c0000, 0x09150000)
  eden space 22016K,  40% used [0x03c00000, 0x044c5ef0, 0x05180000)
  from space 2688K, 100% used [0x05180000, 0x05420000, 0x05420000)
  to   space 2688K,   0% used [0x05420000, 0x05420000, 0x056c0000)
 tenured generation   total 54592K, used 46672K [0x09150000, 0x0c6a0000, 0x13c00000)
   the space 54592K,  85% used [0x09150000, 0x0bee41a8, 0x0bee4200, 0x0c6a0000)
 Metaspace       used 38259K, capacity 39465K, committed 39552K, reserved 40320K
GC Heap History (10 events):
Event: 127.527 GC heap before
{Heap before GC invocations=133 (full 6):
 def new generation   total 24704K, used 24334K [0x03c00000, 0x056c0000, 0x09150000)
  eden space 22016K, 100% used [0x03c00000, 0x05180000, 0x05180000)
  from space 2688K,  86% used [0x05420000, 0x05663a70, 0x056c0000)
  to   space 2688K,   0% used [0x05180000, 0x05180000, 0x05420000)
 tenured generation   total 54592K, used 38090K [0x09150000, 0x0c6a0000, 0x13c00000)
   the space 54592K,  69% used [0x09150000, 0x0b682850, 0x0b682a00, 0x0c6a0000)
 Metaspace       used 35349K, capacity 36446K, committed 36480K, reserved 37248K
Event: 127.544 GC heap after
Heap after GC invocations=134 (full 6):
 def new generation   total 24704K, used 1988K [0x03c00000, 0x056c0000, 0x09150000)
  eden space 22016K,   0% used [0x03c00000, 0x03c00000, 0x05180000)
  from space 2688K,  73% used [0x05180000, 0x053711d0, 0x05420000)
  to   space 2688K,   0% used [0x05420000, 0x05420000, 0x056c0000)
 tenured generation   total 54592K, used 39927K [0x09150000, 0x0c6a0000, 0x13c00000)
   the space 54592K,  73% used [0x09150000, 0x0b84dd00, 0x0b84de00, 0x0c6a0000)
 Metaspace       used 35349K, capacity 36446K, committed 36480K, reserved 37248K
}
Event: 136.825 GC heap before
{Heap before GC invocations=134 (full 6):
 def new generation   total 24704K, used 24004K [0x03c00000, 0x056c0000, 0x09150000)
  eden space 22016K, 100% used [0x03c00000, 0x05180000, 0x05180000)
  from space 2688K,  73% used [0x05180000, 0x053711d0, 0x05420000)
  to   space 2688K,   0% used [0x05420000, 0x05420000, 0x056c0000)
 tenured generation   total 54592K, used 39927K [0x09150000, 0x0c6a0000, 0x13c00000)
   the space 54592K,  73% used [0x09150000, 0x0b84dd00, 0x0b84de00, 0x0c6a0000)
 Metaspace       used 37087K, capacity 38285K, committed 38400K, reserved 39296K
Event: 136.846 GC heap after
Heap after GC invocations=135 (full 6):
 def new generation   total 24704K, used 2688K [0x03c00000, 0x056c0000, 0x09150000)
  eden space 22016K,   0% used [0x03c00000, 0x03c00000, 0x05180000)
  from space 2688K, 100% used [0x05420000, 0x056c0000, 0x056c0000)
  to   space 2688K,   0% used [0x05180000, 0x05180000, 0x05420000)
 tenured generation   total 54592K, used 42427K [0x09150000, 0x0c6a0000, 0x13c00000)
   the space 54592K,  77% used [0x09150000, 0x0babecc0, 0x0babee00, 0x0c6a0000)
 Metaspace       used 37087K, capacity 38285K, committed 38400K, reserved 39296K
}
Event: 141.497 GC heap before
{Heap before GC invocations=135 (full 6):
 def new generation   total 24704K, used 24704K [0x03c00000, 0x056c0000, 0x09150000)
  eden space 22016K, 100% used [0x03c00000, 0x05180000, 0x05180000)
  from space 2688K, 100% used [0x05420000, 0x056c0000, 0x056c0000)
  to   space 2688K,   0% used [0x05180000, 0x05180000, 0x05420000)
 tenured generation   total 54592K, used 42427K [0x09150000, 0x0c6a0000, 0x13c00000)
   the space 54592K,  77% used [0x09150000, 0x0babecc0, 0x0babee00, 0x0c6a0000)
 Metaspace       used 37089K, capacity 38287K, committed 38400K, reserved 39296K
Event: 141.509 GC heap after
Heap after GC invocations=136 (full 6):
 def new generation   total 24704K, used 551K [0x03c00000, 0x056c0000, 0x09150000)
  eden space 22016K,   0% used [0x03c00000, 0x03c00000, 0x05180000)
  from space 2688K,  20% used [0x05180000, 0x05209cb0, 0x05420000)
  to   space 2688K,   0% used [0x05420000, 0x05420000, 0x056c0000)
 tenured generation   total 54592K, used 44473K [0x09150000, 0x0c6a0000, 0x13c00000)
   the space 54592K,  81% used [0x09150000, 0x0bcbe510, 0x0bcbe600, 0x0c6a0000)
 Metaspace       used 37089K, capacity 38287K, committed 38400K, reserved 39296K
}
Event: 143.833 GC heap before
{Heap before GC invocations=136 (full 6):
 def new generation   total 24704K, used 22567K [0x03c00000, 0x056c0000, 0x09150000)
  eden space 22016K, 100% used [0x03c00000, 0x05180000, 0x05180000)
  from space 2688K,  20% used [0x05180000, 0x05209cb0, 0x05420000)
  to   space 2688K,   0% used [0x05420000, 0x05420000, 0x056c0000)
 tenured generation   total 54592K, used 44473K [0x09150000, 0x0c6a0000, 0x13c00000)
   the space 54592K,  81% used [0x09150000, 0x0bcbe510, 0x0bcbe600, 0x0c6a0000)
 Metaspace       used 37089K, capacity 38287K, committed 38400K, reserved 39296K
Event: 143.839 GC heap after
Heap after GC invocations=137 (full 6):
 def new generation   total 24704K, used 741K [0x03c00000, 0x056c0000, 0x09150000)
  eden space 22016K,   0% used [0x03c00000, 0x03c00000, 0x05180000)
  from space 2688K,  27% used [0x05420000, 0x054d9688, 0x056c0000)
  to   space 2688K,   0% used [0x05180000, 0x05180000, 0x05420000)
 tenured generation   total 54592K, used 44473K [0x09150000, 0x0c6a0000, 0x13c00000)
   the space 54592K,  81% used [0x09150000, 0x0bcbe510, 0x0bcbe600, 0x0c6a0000)
 Metaspace       used 37089K, capacity 38287K, committed 38400K, reserved 39296K
}
Event: 145.745 GC heap before
{Heap before GC invocations=137 (full 6):
 def new generation   total 24704K, used 22757K [0x03c00000, 0x056c0000, 0x09150000)
  eden space 22016K, 100% used [0x03c00000, 0x05180000, 0x05180000)
  from space 2688K,  27% used [0x05420000, 0x054d9688, 0x056c0000)
  to   space 2688K,   0% used [0x05180000, 0x05180000, 0x05420000)
 tenured generation   total 54592K, used 44473K [0x09150000, 0x0c6a0000, 0x13c00000)
   the space 54592K,  81% used [0x09150000, 0x0bcbe510, 0x0bcbe600, 0x0c6a0000)
 Metaspace       used 37576K, capacity 38790K, committed 38912K, reserved 39296K
Event: 145.781 GC heap after
Heap after GC invocations=138 (full 6):
 def new generation   total 24704K, used 2688K [0x03c00000, 0x056c0000, 0x09150000)
  eden space 22016K,   0% used [0x03c00000, 0x03c00000, 0x05180000)
  from space 2688K, 100% used [0x05180000, 0x05420000, 0x05420000)
  to   space 2688K,   0% used [0x05420000, 0x05420000, 0x056c0000)
 tenured generation   total 54592K, used 46672K [0x09150000, 0x0c6a0000, 0x13c00000)
   the space 54592K,  85% used [0x09150000, 0x0bee41a8, 0x0bee4200, 0x0c6a0000)
 Metaspace       used 37576K, capacity 38790K, committed 38912K, reserved 39296K
}

